# JRE version: OpenJDK Runtime Environment Temurin-21.0.8+9 (21.0.8+9) (build 21.0.8+9-LTS)
# Java VM: OpenJDK 64-Bit Server VM Temurin-21.0.8+9 (21.0.8+9-LTS, mixed mode, sharing, tiered, compressed oops, compressed class ptrs, parallel gc, windows-amd64)
GC Precious Log:
 CardTable entry size: 512
 CPUs: 4 total, 4 available
 Memory: 7932M
 Large Page Support: Disabled
 NUMA Support: Disabled
 Compressed Oops: Enabled (32-bit)
 Alignments: Space 512K, Generation 512K, Heap 2M
 Heap Min Capacity: 100M
 Heap Initial Capacity: 100M
 Heap Max Capacity: 2G
 Pre-touch: Disabled
 Parallel Workers: 4
Heap:
 PSYoungGen      total 4608K, used 3609K [0x00000000d5580000, 0x00000000d5b00000, 0x0000000100000000)
  eden space 4096K, 83% used [0x00000000d5580000,0x00000000d58d66e8,0x00000000d5980000)
  from space 512K, 37% used [0x00000000d5a00000,0x00000000d5a30000,0x00000000d5a80000)
  to   space 512K, 0% used [0x00000000d5a80000,0x00000000d5a80000,0x00000000d5b00000)
 ParOldGen       total 861184K, used 860898K [0x0000000080000000, 0x00000000b4900000, 0x00000000d5580000)
  object space 861184K, 99% used [0x0000000080000000,0x00000000b48b8b18,0x00000000b4900000)
 Metaspace       used 78937K, committed 80576K, reserved 1179648K
  class space    used 8369K, committed 9088K, reserved 1048576K
GC Heap History (20 events):
Event: 204.605 GC heap before
{Heap before GC invocations=1411 (full 3):
 PSYoungGen      total 5120K, used 4708K [0x00000000d5580000, 0x00000000d5b80000, 0x0000000100000000)
  eden space 4096K, 99% used [0x00000000d5580000,0x00000000d597ffd0,0x00000000d5980000)
  from space 1024K, 59% used [0x00000000d5980000,0x00000000d5a19210,0x00000000d5a80000)
  to   space 1024K, 0% used [0x00000000d5a80000,0x00000000d5a80000,0x00000000d5b80000)
 ParOldGen       total 859648K, used 859323K [0x0000000080000000, 0x00000000b4780000, 0x00000000d5580000)
  object space 859648K, 99% used [0x0000000080000000,0x00000000b472ed10,0x00000000b4780000)
 Metaspace       used 75736K, committed 77376K, reserved 1179648K
  class space    used 7928K, committed 8640K, reserved 1048576K
}
Event: 205.461 GC heap after
{Heap after GC invocations=1411 (full 3):
 PSYoungGen      total 4608K, used 160K [0x00000000d5580000, 0x00000000d5b00000, 0x0000000100000000)
  eden space 4096K, 0% used [0x00000000d5580000,0x00000000d5580000,0x00000000d5980000)
  from space 512K, 31% used [0x00000000d5a80000,0x00000000d5aa8000,0x00000000d5b00000)
  to   space 512K, 0% used [0x00000000d5a00000,0x00000000d5a00000,0x00000000d5a80000)
 ParOldGen       total 859648K, used 859339K [0x0000000080000000, 0x00000000b4780000, 0x00000000d5580000)
  object space 859648K, 99% used [0x0000000080000000,0x00000000b4732d10,0x00000000b4780000)
 Metaspace       used 75736K, committed 77376K, reserved 1179648K
  class space    used 7928K, committed 8640K, reserved 1048576K
}
Event: 207.103 GC heap before
{Heap before GC invocations=1412 (full 3):
 PSYoungGen      total 4608K, used 4211K [0x00000000d5580000, 0x00000000d5b00000, 0x0000000100000000)
  eden space 4096K, 98% used [0x00000000d5580000,0x00000000d5974fd8,0x00000000d5980000)
  from space 512K, 31% used [0x00000000d5a80000,0x00000000d5aa8000,0x00000000d5b00000)
  to   space 512K, 0% used [0x00000000d5a00000,0x00000000d5a00000,0x00000000d5a80000)
 ParOldGen       total 859648K, used 859339K [0x0000000080000000, 0x00000000b4780000, 0x00000000d5580000)
  object space 859648K, 99% used [0x0000000080000000,0x00000000b4732d10,0x00000000b4780000)
 Metaspace       used 75912K, committed 77568K, reserved 1179648K
  class space    used 7948K, committed 8640K, reserved 1048576K
}
Event: 207.110 GC heap after
{Heap after GC invocations=1412 (full 3):
 PSYoungGen      total 4608K, used 438K [0x00000000d5580000, 0x00000000d5b00000, 0x0000000100000000)
  eden space 4096K, 0% used [0x00000000d5580000,0x00000000d5580000,0x00000000d5980000)
  from space 512K, 85% used [0x00000000d5a00000,0x00000000d5a6d878,0x00000000d5a80000)
  to   space 512K, 0% used [0x00000000d5a80000,0x00000000d5a80000,0x00000000d5b00000)
 ParOldGen       total 860672K, used 860175K [0x0000000080000000, 0x00000000b4880000, 0x00000000d5580000)
  object space 860672K, 99% used [0x0000000080000000,0x00000000b4803ef0,0x00000000b4880000)
 Metaspace       used 75912K, committed 77568K, reserved 1179648K
  class space    used 7948K, committed 8640K, reserved 1048576K
}
Event: 207.161 GC heap before
{Heap before GC invocations=1413 (full 3):
 PSYoungGen      total 4608K, used 4396K [0x00000000d5580000, 0x00000000d5b00000, 0x0000000100000000)
  eden space 4096K, 96% used [0x00000000d5580000,0x00000000d595dad8,0x00000000d5980000)
  from space 512K, 85% used [0x00000000d5a00000,0x00000000d5a6d878,0x00000000d5a80000)
  to   space 512K, 0% used [0x00000000d5a80000,0x00000000d5a80000,0x00000000d5b00000)
 ParOldGen       total 860672K, used 860175K [0x0000000080000000, 0x00000000b4880000, 0x00000000d5580000)
  object space 860672K, 99% used [0x0000000080000000,0x00000000b4803ef0,0x00000000b4880000)
 Metaspace       used 75912K, committed 77568K, reserved 1179648K
  class space    used 7948K, committed 8640K, reserved 1048576K
}
Event: 207.164 GC heap after
{Heap after GC invocations=1413 (full 3):
 PSYoungGen      total 4608K, used 96K [0x00000000d5580000, 0x00000000d5b00000, 0x0000000100000000)
  eden space 4096K, 0% used [0x00000000d5580000,0x00000000d5580000,0x00000000d5980000)
  from space 512K, 18% used [0x00000000d5a80000,0x00000000d5a98000,0x00000000d5b00000)
  to   space 512K, 0% used [0x00000000d5a00000,0x00000000d5a00000,0x00000000d5a80000)
 ParOldGen       total 860672K, used 860339K [0x0000000080000000, 0x00000000b4880000, 0x00000000d5580000)
  object space 860672K, 99% used [0x0000000080000000,0x00000000b482cf00,0x00000000b4880000)
 Metaspace       used 75912K, committed 77568K, reserved 1179648K
  class space    used 7948K, committed 8640K, reserved 1048576K
}
Event: 207.352 GC heap before
{Heap before GC invocations=1414 (full 3):
 PSYoungGen      total 4608K, used 4192K [0x00000000d5580000, 0x00000000d5b00000, 0x0000000100000000)
  eden space 4096K, 100% used [0x00000000d5580000,0x00000000d5980000,0x00000000d5980000)
  from space 512K, 18% used [0x00000000d5a80000,0x00000000d5a98000,0x00000000d5b00000)
  to   space 512K, 0% used [0x00000000d5a00000,0x00000000d5a00000,0x00000000d5a80000)
 ParOldGen       total 860672K, used 860339K [0x0000000080000000, 0x00000000b4880000, 0x00000000d5580000)
  object space 860672K, 99% used [0x0000000080000000,0x00000000b482cf00,0x00000000b4880000)
 Metaspace       used 75912K, committed 77568K, reserved 1179648K
  class space    used 7948K, committed 8640K, reserved 1048576K
}
Event: 207.355 GC heap after
{Heap after GC invocations=1414 (full 3):
 PSYoungGen      total 4608K, used 96K [0x00000000d5580000, 0x00000000d5b00000, 0x0000000100000000)
  eden space 4096K, 0% used [0x00000000d5580000,0x00000000d5580000,0x00000000d5980000)
  from space 512K, 18% used [0x00000000d5a00000,0x00000000d5a18000,0x00000000d5a80000)
  to   space 512K, 0% used [0x00000000d5a80000,0x00000000d5a80000,0x00000000d5b00000)
 ParOldGen       total 860672K, used 860371K [0x0000000080000000, 0x00000000b4880000, 0x00000000d5580000)
  object space 860672K, 99% used [0x0000000080000000,0x00000000b4834f00,0x00000000b4880000)
 Metaspace       used 75912K, committed 77568K, reserved 1179648K
  class space    used 7948K, committed 8640K, reserved 1048576K
}
Event: 207.663 GC heap before
{Heap before GC invocations=1415 (full 3):
 PSYoungGen      total 4608K, used 4180K [0x00000000d5580000, 0x00000000d5b00000, 0x0000000100000000)
  eden space 4096K, 99% used [0x00000000d5580000,0x00000000d597d1c0,0x00000000d5980000)
  from space 512K, 18% used [0x00000000d5a00000,0x00000000d5a18000,0x00000000d5a80000)
  to   space 512K, 0% used [0x00000000d5a80000,0x00000000d5a80000,0x00000000d5b00000)
 ParOldGen       total 860672K, used 860371K [0x0000000080000000, 0x00000000b4880000, 0x00000000d5580000)
  object space 860672K, 99% used [0x0000000080000000,0x00000000b4834f00,0x00000000b4880000)
 Metaspace       used 76303K, committed 77952K, reserved 1179648K
  class space    used 7986K, committed 8704K, reserved 1048576K
}
Event: 207.667 GC heap after
{Heap after GC invocations=1415 (full 3):
 PSYoungGen      total 4608K, used 241K [0x00000000d5580000, 0x00000000d5b00000, 0x0000000100000000)
  eden space 4096K, 0% used [0x00000000d5580000,0x00000000d5580000,0x00000000d5980000)
  from space 512K, 47% used [0x00000000d5a80000,0x00000000d5abc5b0,0x00000000d5b00000)
  to   space 512K, 0% used [0x00000000d5a00000,0x00000000d5a00000,0x00000000d5a80000)
 ParOldGen       total 860672K, used 860411K [0x0000000080000000, 0x00000000b4880000, 0x00000000d5580000)
  object space 860672K, 99% used [0x0000000080000000,0x00000000b483ef00,0x00000000b4880000)
 Metaspace       used 76303K, committed 77952K, reserved 1179648K
  class space    used 7986K, committed 8704K, reserved 1048576K
}
Event: 207.897 GC heap before
{Heap before GC invocations=1416 (full 3):
 PSYoungGen      total 4608K, used 4337K [0x00000000d5580000, 0x00000000d5b00000, 0x0000000100000000)
  eden space 4096K, 100% used [0x00000000d5580000,0x00000000d5980000,0x00000000d5980000)
  from space 512K, 47% used [0x00000000d5a80000,0x00000000d5abc5b0,0x00000000d5b00000)
  to   space 512K, 0% used [0x00000000d5a00000,0x00000000d5a00000,0x00000000d5a80000)
 ParOldGen       total 860672K, used 860411K [0x0000000080000000, 0x00000000b4880000, 0x00000000d5580000)
  object space 860672K, 99% used [0x0000000080000000,0x00000000b483ef00,0x00000000b4880000)
 Metaspace       used 76828K, committed 78464K, reserved 1179648K
  class space    used 8043K, committed 8768K, reserved 1048576K
}
Event: 207.899 GC heap after
{Heap after GC invocations=1416 (full 3):
 PSYoungGen      total 4608K, used 192K [0x00000000d5580000, 0x00000000d5b00000, 0x0000000100000000)
  eden space 4096K, 0% used [0x00000000d5580000,0x00000000d5580000,0x00000000d5980000)
  from space 512K, 37% used [0x00000000d5a00000,0x00000000d5a30020,0x00000000d5a80000)
  to   space 512K, 0% used [0x00000000d5a80000,0x00000000d5a80000,0x00000000d5b00000)
 ParOldGen       total 860672K, used 860570K [0x0000000080000000, 0x00000000b4880000, 0x00000000d5580000)
  object space 860672K, 99% used [0x0000000080000000,0x00000000b4866ac8,0x00000000b4880000)
 Metaspace       used 76828K, committed 78464K, reserved 1179648K
  class space    used 8043K, committed 8768K, reserved 1048576K
}
Event: 207.959 GC heap before
{Heap before GC invocations=1417 (full 3):
 PSYoungGen      total 4608K, used 4286K [0x00000000d5580000, 0x00000000d5b00000, 0x0000000100000000)
  eden space 4096K, 99% used [0x00000000d5580000,0x00000000d597fad0,0x00000000d5980000)
  from space 512K, 37% used [0x00000000d5a00000,0x00000000d5a30020,0x00000000d5a80000)
  to   space 512K, 0% used [0x00000000d5a80000,0x00000000d5a80000,0x00000000d5b00000)
 ParOldGen       total 860672K, used 860570K [0x0000000080000000, 0x00000000b4880000, 0x00000000d5580000)
  object space 860672K, 99% used [0x0000000080000000,0x00000000b4866ac8,0x00000000b4880000)
 Metaspace       used 77312K, committed 78976K, reserved 1179648K
  class space    used 8104K, committed 8832K, reserved 1048576K
}
Event: 207.961 GC heap after
{Heap after GC invocations=1417 (full 3):
 PSYoungGen      total 4608K, used 249K [0x00000000d5580000, 0x00000000d5b00000, 0x0000000100000000)
  eden space 4096K, 0% used [0x00000000d5580000,0x00000000d5580000,0x00000000d5980000)
  from space 512K, 48% used [0x00000000d5a80000,0x00000000d5abe5c0,0x00000000d5b00000)
  to   space 512K, 0% used [0x00000000d5a00000,0x00000000d5a00000,0x00000000d5a80000)
 ParOldGen       total 861184K, used 860690K [0x0000000080000000, 0x00000000b4900000, 0x00000000d5580000)
  object space 861184K, 99% used [0x0000000080000000,0x00000000b4884ae8,0x00000000b4900000)
 Metaspace       used 77312K, committed 78976K, reserved 1179648K
  class space    used 8104K, committed 8832K, reserved 1048576K
}
Event: 208.043 GC heap before
{Heap before GC invocations=1418 (full 3):
 PSYoungGen      total 4608K, used 4345K [0x00000000d5580000, 0x00000000d5b00000, 0x0000000100000000)
  eden space 4096K, 100% used [0x00000000d5580000,0x00000000d5980000,0x00000000d5980000)
  from space 512K, 48% used [0x00000000d5a80000,0x00000000d5abe5c0,0x00000000d5b00000)
  to   space 512K, 0% used [0x00000000d5a00000,0x00000000d5a00000,0x00000000d5a80000)
 ParOldGen       total 861184K, used 860690K [0x0000000080000000, 0x00000000b4900000, 0x00000000d5580000)
  object space 861184K, 99% used [0x0000000080000000,0x00000000b4884ae8,0x00000000b4900000)
 Metaspace       used 77727K, committed 79360K, reserved 1179648K
  class space    used 8185K, committed 8896K, reserved 1048576K
}
Event: 208.045 GC heap after
{Heap after GC invocations=1418 (full 3):
 PSYoungGen      total 4608K, used 176K [0x00000000d5580000, 0x00000000d5b00000, 0x0000000100000000)
  eden space 4096K, 0% used [0x00000000d5580000,0x00000000d5580000,0x00000000d5980000)
  from space 512K, 34% used [0x00000000d5a00000,0x00000000d5a2c010,0x00000000d5a80000)
  to   space 512K, 0% used [0x00000000d5a80000,0x00000000d5a80000,0x00000000d5b00000)
 ParOldGen       total 861184K, used 860738K [0x0000000080000000, 0x00000000b4900000, 0x00000000d5580000)
  object space 861184K, 99% used [0x0000000080000000,0x00000000b4890ae8,0x00000000b4900000)
 Metaspace       used 77727K, committed 79360K, reserved 1179648K
  class space    used 8185K, committed 8896K, reserved 1048576K
}
Event: 208.163 GC heap before
{Heap before GC invocations=1419 (full 3):
 PSYoungGen      total 4608K, used 4272K [0x00000000d5580000, 0x00000000d5b00000, 0x0000000100000000)
  eden space 4096K, 100% used [0x00000000d5580000,0x00000000d5980000,0x00000000d5980000)
  from space 512K, 34% used [0x00000000d5a00000,0x00000000d5a2c010,0x00000000d5a80000)
  to   space 512K, 0% used [0x00000000d5a80000,0x00000000d5a80000,0x00000000d5b00000)
 ParOldGen       total 861184K, used 860738K [0x0000000080000000, 0x00000000b4900000, 0x00000000d5580000)
  object space 861184K, 99% used [0x0000000080000000,0x00000000b4890ae8,0x00000000b4900000)
 Metaspace       used 78140K, committed 79744K, reserved 1179648K
  class space    used 8266K, committed 8960K, reserved 1048576K
}
Event: 208.165 GC heap after
{Heap after GC invocations=1419 (full 3):
 PSYoungGen      total 4608K, used 160K [0x00000000d5580000, 0x00000000d5b00000, 0x0000000100000000)
  eden space 4096K, 0% used [0x00000000d5580000,0x00000000d5580000,0x00000000d5980000)
  from space 512K, 31% used [0x00000000d5a80000,0x00000000d5aa8000,0x00000000d5b00000)
  to   space 512K, 0% used [0x00000000d5a00000,0x00000000d5a00000,0x00000000d5a80000)
 ParOldGen       total 861184K, used 860834K [0x0000000080000000, 0x00000000b4900000, 0x00000000d5580000)
  object space 861184K, 99% used [0x0000000080000000,0x00000000b48a8b18,0x00000000b4900000)
 Metaspace       used 78140K, committed 79744K, reserved 1179648K
  class space    used 8266K, committed 8960K, reserved 1048576K
}
Event: 208.420 GC heap before
{Heap before GC invocations=1420 (full 3):
 PSYoungGen      total 4608K, used 4256K [0x00000000d5580000, 0x00000000d5b00000, 0x0000000100000000)
  eden space 4096K, 100% used [0x00000000d5580000,0x00000000d5980000,0x00000000d5980000)
  from space 512K, 31% used [0x00000000d5a80000,0x00000000d5aa8000,0x00000000d5b00000)
  to   space 512K, 0% used [0x00000000d5a00000,0x00000000d5a00000,0x00000000d5a80000)
 ParOldGen       total 861184K, used 860834K [0x0000000080000000, 0x00000000b4900000, 0x00000000d5580000)
  object space 861184K, 99% used [0x0000000080000000,0x00000000b48a8b18,0x00000000b4900000)
 Metaspace       used 78596K, committed 80256K, reserved 1179648K
  class space    used 8324K, committed 9024K, reserved 1048576K
}
Event: 208.428 GC heap after
{Heap after GC invocations=1420 (full 3):
 PSYoungGen      total 4608K, used 192K [0x00000000d5580000, 0x00000000d5b00000, 0x0000000100000000)
  eden space 4096K, 0% used [0x00000000d5580000,0x00000000d5580000,0x00000000d5980000)
  from space 512K, 37% used [0x00000000d5a00000,0x00000000d5a30000,0x00000000d5a80000)
  to   space 512K, 0% used [0x00000000d5a80000,0x00000000d5a80000,0x00000000d5b00000)
 ParOldGen       total 861184K, used 860898K [0x0000000080000000, 0x00000000b4900000, 0x00000000d5580000)
  object space 861184K, 99% used [0x0000000080000000,0x00000000b48b8b18,0x00000000b4900000)
 Metaspace       used 78596K, committed 80256K, reserved 1179648K
  class space    used 8324K, committed 9024K, reserved 1048576K
}

